[1750960735.675][INFO]: Starting ChromeDriver 138.0.7204.49 (d2b48fd5f7813ed477a2d68fa232b8178fa4fb1e-refs/branch-heads/7204@{#1814}) on port 52749
[1750960735.675][INFO]: Please see https://chromedriver.chromium.org/security-considerations for suggestions on keeping ChromeDriver safe.
[1750960735.678][INFO]: ChromeDriver was started successfully on port 52749
[1750960735.740][INFO]: [4ff02f7bfdfe0c49a0e46b91eebcb4c2] COMMAND InitSession {
   "capabilities": {
      "alwaysMatch": {
         "browserName": "chrome",
         "goog:chromeOptions": {
            "args": [ "--no-sandbox", "--disable-dev-shm-usage", "--user-data-dir=/tmp/chrome_profile_selenium_18150" ],
            "extensions": [  ]
         },
         "pageLoadStrategy": "normal"
      },
      "firstMatch": [ {
      } ]
   }
}
[1750960735.740][INFO]: Browser search. Trying... /home/c1/Downloads/chromedriver-linux64/chromedriver-linux64/chrome
[1750960735.740][INFO]: Browser search. Trying... /home/c1/Downloads/chromedriver-linux64/chromedriver-linux64/chrome
[1750960735.740][INFO]: Browser search. Trying... /home/c1/Downloads/chromedriver-linux64/chromedriver-linux64/google-chrome
[1750960735.740][INFO]: Browser search. Trying... /home/c1/Downloads/chromedriver-linux64/chromedriver-linux64/chromium
[1750960735.740][INFO]: Browser search. Trying... /home/c1/Downloads/chromedriver-linux64/chromedriver-linux64/chromium-browser
[1750960735.740][INFO]: Browser search. Trying... /usr/local/sbin/chrome
[1750960735.740][INFO]: Browser search. Trying... /usr/local/bin/chrome
[1750960735.740][INFO]: Browser search. Trying... /usr/sbin/chrome
[1750960735.740][INFO]: Browser search. Trying... /usr/bin/chrome
[1750960735.740][INFO]: Browser search. Trying... /sbin/chrome
[1750960735.740][INFO]: Browser search. Trying... /bin/chrome
[1750960735.740][INFO]: Browser search. Trying... /opt/google/chrome/chrome
[1750960735.740][INFO]: Browser search. Found at  /opt/google/chrome/chrome
[1750960735.741][INFO]: Populating Preferences file: {
   "alternate_error_pages": {
      "enabled": false
   },
   "autofill": {
      "enabled": false
   },
   "browser": {
      "check_default_browser": false
   },
   "distribution": {
      "import_bookmarks": false,
      "import_history": false,
      "import_search_engine": false,
      "make_chrome_default_for_user": false,
      "skip_first_run_ui": true
   },
   "dns_prefetching": {
      "enabled": false
   },
   "profile": {
      "content_settings": {
         "pattern_pairs": {
            "https://*,*": {
               "media-stream": {
                  "audio": "Default",
                  "video": "Default"
               }
            }
         }
      },
      "default_content_setting_values": {
         "geolocation": 1
      },
      "default_content_settings": {
         "geolocation": 1,
         "mouselock": 1,
         "notifications": 1,
         "popups": 1,
         "ppapi-broker": 1
      },
      "password_manager_enabled": false
   },
   "safebrowsing": {
      "enabled": false
   },
   "search": {
      "suggest_enabled": false
   },
   "translate": {
      "enabled": false
   }
}
[1750960735.741][INFO]: Populating Local State file: {
   "background_mode": {
      "enabled": false
   },
   "ssl": {
      "rev_checking": {
         "enabled": false
      }
   }
}
[1750960735.741][INFO]: ChromeDriver supports communication with Chrome via pipes. This is more reliable and more secure.
[1750960735.741][INFO]: Use the --remote-debugging-pipe Chrome switch instead of the default --remote-debugging-port to enable this communication mode.
[1750960735.741][INFO]: Launching chrome: /opt/google/chrome/chrome --allow-pre-commit-input --disable-background-networking --disable-client-side-phishing-detection --disable-default-apps --disable-dev-shm-usage --disable-hang-monitor --disable-popup-blocking --disable-prompt-on-repost --disable-sync --enable-automation --enable-logging --log-level=0 --no-first-run --no-sandbox --no-service-autorun --password-store=basic --remote-debugging-port=0 --test-type=webdriver --use-mock-keychain --user-data-dir=/tmp/chrome_profile_selenium_18150
[0626/232855.822752:WARNING:chrome/app/chrome_main_linux.cc:82] Read channel stable from /opt/google/chrome/CHROME_VERSION_EXTRA

DevTools listening on ws://127.0.0.1:40039/devtools/browser/adfdfe64-a3f0-4218-9efb-c5c0606f5546
[1750960736.074][DEBUG]: DevTools HTTP Request: http://localhost:40039/json/version
[1750960736.341][DEBUG]: DevTools HTTP Response: {
   "Browser": "Chrome/138.0.7204.49",
   "Protocol-Version": "1.3",
   "User-Agent": "Mozilla/5.0 (X11; Linux x86_64) AppleWebKit/537.36 (KHTML, like Gecko) Chrome/138.0.0.0 Safari/537.36",
   "V8-Version": "13.8.258.19",
   "WebKit-Version": "537.36 (@d2b48fd5f7813ed477a2d68fa232b8178fa4fb1e)",
   "webSocketDebuggerUrl": "ws://localhost:40039/devtools/browser/adfdfe64-a3f0-4218-9efb-c5c0606f5546"
}

[1750960736.341][DEBUG]: DevTools HTTP Request: http://localhost:40039/json/list
[1750960736.361][DEBUG]: DevTools HTTP Response: [ {
   "description": "",
   "devtoolsFrontendUrl": "https://chrome-devtools-frontend.appspot.com/serve_rev/@d2b48fd5f7813ed477a2d68fa232b8178fa4fb1e/inspector.html?ws=localhost:40039/devtools/page/763EA1BE1F530451F755387877E80714",
   "id": "763EA1BE1F530451F755387877E80714",
   "title": "New Tab",
   "type": "page",
   "url": "chrome://newtab/",
   "webSocketDebuggerUrl": "ws://localhost:40039/devtools/page/763EA1BE1F530451F755387877E80714"
} ]

[1750960736.361][INFO]: resolved localhost to ["127.0.0.1"]
[1750960736.367][DEBUG]: DevTools WebSocket Command: Target.getTargets (id=1) (session_id=) browser {
   "filter": [ {
      "exclude": true,
      "type": "browser"
   }, {
      "exclude": true,
      "type": "page"
   }, {
      "exclude": false
   } ]
}
[1750960736.375][DEBUG]: DevTools WebSocket Response: Target.getTargets (id=1) (session_id=) browser {
   "targetInfos": [ {
      "attached": false,
      "browserContextId": "E8C43FACD5F2B78C036B21A5C470693F",
      "canAccessOpener": false,
      "targetId": "EDC6C4DD23C02ACBAD661ED39613FE1F",
      "title": "New Tab",
      "type": "tab",
      "url": "chrome://newtab/"
   } ]
}
[1750960736.375][DEBUG]: DevTools WebSocket Command: Target.attachToTarget (id=2) (session_id=) browser {
   "flatten": true,
   "targetId": "EDC6C4DD23C02ACBAD661ED39613FE1F"
}
[1750960736.381][DEBUG]: DevTools WebSocket Event: Target.attachedToTarget (session_id=) browser {
   "sessionId": "803EE04F5A6F2587C688B1E1B6CAD852",
   "targetInfo": {
      "attached": true,
      "browserContextId": "E8C43FACD5F2B78C036B21A5C470693F",
      "canAccessOpener": false,
      "targetId": "EDC6C4DD23C02ACBAD661ED39613FE1F",
      "title": "New Tab",
      "type": "tab",
      "url": "chrome://newtab/"
   },
   "waitingForDebugger": false
}
[1750960736.381][DEBUG]: DevTools WebSocket Response: Target.attachToTarget (id=2) (session_id=) browser {
   "sessionId": "803EE04F5A6F2587C688B1E1B6CAD852"
}
[1750960736.381][DEBUG]: DevTools WebSocket Command: Target.setAutoAttach (id=3) (session_id=803EE04F5A6F2587C688B1E1B6CAD852) EDC6C4DD23C02ACBAD661ED39613FE1F {
   "autoAttach": true,
   "flatten": true,
   "waitForDebuggerOnStart": false
}
[1750960736.400][DEBUG]: DevTools WebSocket Event: Target.attachedToTarget (session_id=803EE04F5A6F2587C688B1E1B6CAD852) EDC6C4DD23C02ACBAD661ED39613FE1F {
   "sessionId": "5BFE7EDD2BA5DC887547775570CF52B4",
   "targetInfo": {
      "attached": true,
      "browserContextId": "E8C43FACD5F2B78C036B21A5C470693F",
      "canAccessOpener": false,
      "targetId": "763EA1BE1F530451F755387877E80714",
      "title": "New Tab",
      "type": "page",
      "url": "chrome://newtab/"
   },
   "waitingForDebugger": false
}
[1750960736.400][DEBUG]: DevTools WebSocket Command: Page.enable (id=4) (session_id=5BFE7EDD2BA5DC887547775570CF52B4) 763EA1BE1F530451F755387877E80714 {
}
[1750960736.400][DEBUG]: DevTools WebSocket Command: Page.addScriptToEvaluateOnNewDocument (id=5) (session_id=5BFE7EDD2BA5DC887547775570CF52B4) 763EA1BE1F530451F755387877E80714 {
   "source": "(function () {window.cdc_adoQpoasnfa76pfcZLmcfl_Array = window.Array;window.cdc_adoQpoasnfa76pfcZLmcfl_Object = window.Object;window.cdc_adoQpoasnfa76pfcZLmcfl_Promise = window.Promise;window.cdc_a..."
}
[1750960736.400][DEBUG]: DevTools WebSocket Command: Runtime.evaluate (id=6) (session_id=5BFE7EDD2BA5DC887547775570CF52B4) 763EA1BE1F530451F755387877E80714 {
   "expression": "(function () {window.cdc_adoQpoasnfa76pfcZLmcfl_Array = window.Array;window.cdc_adoQpoasnfa76pfcZLmcfl_Object = window.Object;window.cdc_adoQpoasnfa76pfcZLmcfl_Promise = window.Promise;window.cdc_a..."
}
[1750960736.400][DEBUG]: DevTools WebSocket Command: Log.enable (id=7) (session_id=5BFE7EDD2BA5DC887547775570CF52B4) 763EA1BE1F530451F755387877E80714 {
}
[1750960736.400][DEBUG]: DevTools WebSocket Command: Target.setAutoAttach (id=8) (session_id=5BFE7EDD2BA5DC887547775570CF52B4) 763EA1BE1F530451F755387877E80714 {
   "autoAttach": true,
   "flatten": true,
   "waitForDebuggerOnStart": false
}
[1750960736.401][DEBUG]: DevTools WebSocket Response: Target.setAutoAttach (id=3) (session_id=803EE04F5A6F2587C688B1E1B6CAD852) EDC6C4DD23C02ACBAD661ED39613FE1F {
}
[1750960736.438][DEBUG]: DevTools WebSocket Response: Page.enable (id=4) (session_id=5BFE7EDD2BA5DC887547775570CF52B4) 763EA1BE1F530451F755387877E80714 {
}
[1750960736.438][DEBUG]: DevTools WebSocket Response: Page.addScriptToEvaluateOnNewDocument (id=5) (session_id=5BFE7EDD2BA5DC887547775570CF52B4) 763EA1BE1F530451F755387877E80714 {
   "identifier": "1"
}
[1750960736.439][DEBUG]: DevTools WebSocket Response: Runtime.evaluate (id=6) (session_id=5BFE7EDD2BA5DC887547775570CF52B4) 763EA1BE1F530451F755387877E80714 {
   "result": {
      "type": "undefined"
   }
}
[1750960736.439][DEBUG]: DevTools WebSocket Response: Log.enable (id=7) (session_id=5BFE7EDD2BA5DC887547775570CF52B4) 763EA1BE1F530451F755387877E80714 {
}
[1750960736.439][DEBUG]: DevTools WebSocket Response: Target.setAutoAttach (id=8) (session_id=5BFE7EDD2BA5DC887547775570CF52B4) 763EA1BE1F530451F755387877E80714 {
}
[1750960736.439][DEBUG]: DevTools WebSocket Command: Runtime.enable (id=9) (session_id=5BFE7EDD2BA5DC887547775570CF52B4) 763EA1BE1F530451F755387877E80714 {
}
[1750960736.444][DEBUG]: DevTools WebSocket Event: Runtime.executionContextCreated (session_id=5BFE7EDD2BA5DC887547775570CF52B4) 763EA1BE1F530451F755387877E80714 {
   "context": {
      "auxData": {
         "frameId": "5D8F52777C6CF1662F40F8DED7B34832",
         "isDefault": true,
         "type": "default"
      },
      "id": 2,
      "name": "",
      "origin": "chrome://new-tab-page",
      "uniqueId": "-6459679004885824470.-6227383423659399434"
   }
}
[1750960736.444][DEBUG]: DevTools WebSocket Event: Runtime.executionContextCreated (session_id=5BFE7EDD2BA5DC887547775570CF52B4) 763EA1BE1F530451F755387877E80714 {
   "context": {
      "auxData": {
         "frameId": "763EA1BE1F530451F755387877E80714",
         "isDefault": true,
         "type": "default"
      },
      "id": 1,
      "name": "",
      "origin": "chrome://new-tab-page",
      "uniqueId": "7955431307360916463.-2146342557354253013"
   }
}
[1750960736.444][DEBUG]: DevTools WebSocket Response: Runtime.enable (id=9) (session_id=5BFE7EDD2BA5DC887547775570CF52B4) 763EA1BE1F530451F755387877E80714 {
}
[1750960736.444][DEBUG]: DevTools WebSocket Command: Runtime.enable (id=10) (session_id=5BFE7EDD2BA5DC887547775570CF52B4) 763EA1BE1F530451F755387877E80714 {
}
[1750960736.451][DEBUG]: DevTools WebSocket Response: Runtime.enable (id=10) (session_id=5BFE7EDD2BA5DC887547775570CF52B4) 763EA1BE1F530451F755387877E80714 {
}
[1750960736.451][INFO]: [4ff02f7bfdfe0c49a0e46b91eebcb4c2] RESPONSE InitSession {
   "capabilities": {
      "acceptInsecureCerts": false,
      "browserName": "chrome",
      "browserVersion": "138.0.7204.49",
      "chrome": {
         "chromedriverVersion": "138.0.7204.49 (d2b48fd5f7813ed477a2d68fa232b8178fa4fb1e-refs/branch-heads/7204@{#1814})",
         "userDataDir": "/tmp/chrome_profile_selenium_18150"
      },
      "fedcm:accounts": true,
      "goog:chromeOptions": {
         "debuggerAddress": "localhost:40039"
      },
      "networkConnectionEnabled": false,
      "pageLoadStrategy": "normal",
      "platformName": "linux",
      "proxy": {
      },
      "setWindowRect": true,
      "strictFileInteractability": false,
      "timeouts": {
         "implicit": 0,
         "pageLoad": 300000,
         "script": 30000
      },
      "unhandledPromptBehavior": "dismiss and notify",
      "webauthn:extension:credBlob": true,
      "webauthn:extension:largeBlob": true,
      "webauthn:extension:minPinLength": true,
      "webauthn:extension:prf": true,
      "webauthn:virtualAuthenticators": true
   },
   "sessionId": "4ff02f7bfdfe0c49a0e46b91eebcb4c2"
}
[1750960736.454][INFO]: [4ff02f7bfdfe0c49a0e46b91eebcb4c2] COMMAND Navigate {
   "url": "https://www.zeptonow.com/cn/masala-dry-fruits-more/masala-dry-fruits-more/cid/0c2ccf87-e32c-4438-9560-8d9488fc73e0/scid/8b44cef2-1bab-407e-aadd-29254e6778fa"
}
[1750960736.454][INFO]: Waiting for pending navigations...
[1750960736.454][DEBUG]: DevTools WebSocket Command: Runtime.evaluate (id=11) (session_id=5BFE7EDD2BA5DC887547775570CF52B4) 763EA1BE1F530451F755387877E80714 {
   "expression": "1"
}
[1750960736.509][DEBUG]: DevTools WebSocket Event: Page.domContentEventFired (session_id=5BFE7EDD2BA5DC887547775570CF52B4) 763EA1BE1F530451F755387877E80714 {
   "timestamp": 4909.941579
}
[1750960736.512][DEBUG]: DevTools WebSocket Response: Runtime.evaluate (id=11) (session_id=5BFE7EDD2BA5DC887547775570CF52B4) 763EA1BE1F530451F755387877E80714 {
   "result": {
      "description": "1",
      "type": "number",
      "value": 1
   }
}
[1750960736.512][DEBUG]: DevTools WebSocket Command: Runtime.evaluate (id=12) (session_id=5BFE7EDD2BA5DC887547775570CF52B4) 763EA1BE1F530451F755387877E80714 {
   "expression": "document",
   "objectGroup": "42b6eafb-3fa9-4aa2-9ce6-f1128e0522d7"
}
[1750960736.516][DEBUG]: DevTools WebSocket Event: Page.loadEventFired (session_id=5BFE7EDD2BA5DC887547775570CF52B4) 763EA1BE1F530451F755387877E80714 {
   "timestamp": 4909.95093
}
[1750960736.516][DEBUG]: DevTools WebSocket Command: Runtime.evaluate (id=13) (session_id=5BFE7EDD2BA5DC887547775570CF52B4) 763EA1BE1F530451F755387877E80714 {
   "awaitPromise": false,
   "expression": "document.readyState",
   "returnByValue": true,
   "uniqueContextId": "7955431307360916463.-2146342557354253013"
}
[1750960736.517][DEBUG]: DevTools WebSocket Event: Page.frameStoppedLoading (session_id=5BFE7EDD2BA5DC887547775570CF52B4) 763EA1BE1F530451F755387877E80714 {
   "frameId": "763EA1BE1F530451F755387877E80714"
}
[1750960736.518][DEBUG]: DevTools WebSocket Response: Runtime.evaluate (id=12) (session_id=5BFE7EDD2BA5DC887547775570CF52B4) 763EA1BE1F530451F755387877E80714 {
   "result": {
      "className": "HTMLDocument",
      "description": "#document",
      "objectId": "8370562488979870762.1.1",
      "subtype": "node",
      "type": "object"
   }
}
[1750960736.520][DEBUG]: DevTools WebSocket Response: Runtime.evaluate (id=13) (session_id=5BFE7EDD2BA5DC887547775570CF52B4) 763EA1BE1F530451F755387877E80714 {
   "result": {
      "type": "string",
      "value": "complete"
   }
}
[1750960736.520][DEBUG]: DevTools WebSocket Command: DOM.describeNode (id=14) (session_id=5BFE7EDD2BA5DC887547775570CF52B4) 763EA1BE1F530451F755387877E80714 {
   "objectId": "8370562488979870762.1.1"
}
[1750960736.524][DEBUG]: DevTools WebSocket Event: Page.frameAttached (session_id=5BFE7EDD2BA5DC887547775570CF52B4) 763EA1BE1F530451F755387877E80714 {
   "frameId": "D312124C87E770792D2ADF0DD60840C9",
   "parentFrameId": "763EA1BE1F530451F755387877E80714",
   "stack": {
      "callFrames": [ {
         "columnNumber": 4320,
         "functionName": "O",
         "lineNumber": 15,
         "scriptId": "6",
         "url": "chrome://resources/lit/v3_0/lit.rollup.js"
      }, {
         "columnNumber": 4394,
         "functionName": "T",
         "lineNumber": 15,
         "scriptId": "6",
         "url": "chrome://resources/lit/v3_0/lit.rollup.js"
      }, {
         "columnNumber": 4743,
         "functionName": "$",
         "lineNumber": 15,
         "scriptId": "6",
         "url": "chrome://resources/lit/v3_0/lit.rollup.js"
      }, {
         "columnNumber": 4227,
         "functionName": "_$AI",
         "lineNumber": 15,
         "scriptId": "6",
         "url": "chrome://resources/lit/v3_0/lit.rollup.js"
      }, {
         "columnNumber": 7111,
         "functionName": "B",
         "lineNumber": 15,
         "scriptId": "6",
         "url": "chrome://resources/lit/v3_0/lit.rollup.js"
      }, {
         "columnNumber": 369,
         "functionName": "update",
         "lineNumber": 20,
         "scriptId": "6",
         "url": "chrome://resources/lit/v3_0/lit.rollup.js"
      }, {
         "columnNumber": 5321,
         "functionName": "performUpdate",
         "lineNumber": 10,
         "scriptId": "6",
         "url": "chrome://resources/lit/v3_0/lit.rollup.js"
      }, {
         "columnNumber": 931,
         "functionName": "ensureInitialRender",
         "lineNumber": 44,
         "scriptId": "6",
         "url": "chrome://resources/lit/v3_0/lit.rollup.js"
      }, {
         "columnNumber": 999,
         "functionName": "connectedCallback",
         "lineNumber": 44,
         "scriptId": "6",
         "url": "chrome://resources/lit/v3_0/lit.rollup.js"
      }, {
         "columnNumber": 4320,
         "functionName": "O",
         "lineNumber": 15,
         "scriptId": "6",
         "url": "chrome://resources/lit/v3_0/lit.rollup.js"
      }, {
         "columnNumber": 4394,
         "functionName": "T",
         "lineNumber": 15,
         "scriptId": "6",
         "url": "chrome://resources/lit/v3_0/lit.rollup.js"
      }, {
         "columnNumber": 4743,
         "functionName": "$",
         "lineNumber": 15,
         "scriptId": "6",
         "url": "chrome://resources/lit/v3_0/lit.rollup.js"
      }, {
         "columnNumber": 4227,
         "functionName": "_$AI",
         "lineNumber": 15,
         "scriptId": "6",
         "url": "chrome://resources/lit/v3_0/lit.rollup.js"
      }, {
         "columnNumber": 3674,
         "functionName": "p",
         "lineNumber": 15,
         "scriptId": "6",
         "url": "chrome://resources/lit/v3_0/lit.rollup.js"
      }, {
         "columnNumber": 4679,
         "functionName": "$",
         "lineNumber": 15,
         "scriptId": "6",
         "url": "chrome://resources/lit/v3_0/lit.rollup.js"
      }, {
         "columnNumber": 4227,
         "functionName": "_$AI",
         "lineNumber": 15,
         "scriptId": "6",
         "url": "chrome://resources/lit/v3_0/lit.rollup.js"
      }, {
         "columnNumber": 7111,
         "functionName": "B",
         "lineNumber": 15,
         "scriptId": "6",
         "url": "chrome://resources/lit/v3_0/lit.rollup.js"
      }, {
         "columnNumber": 369,
         "functionName": "update",
         "lineNumber": 20,
         "scriptId": "6",
         "url": "chrome://resources/lit/v3_0/lit.rollup.js"
      }, {
         "columnNumber": 5321,
         "functionName": "performUpdate",
         "lineNumber": 10,
         "scriptId": "6",
         "url": "chrome://resources/lit/v3_0/lit.rollup.js"
      }, "..." ]
   }
}
[1750960736.524][DEBUG]: DevTools WebSocket Event: Page.frameRequestedNavigation (session_id=5BFE7EDD2BA5DC887547775570CF52B4) 763EA1BE1F530451F755387877E80714 {
   "disposition": "currentTab",
   "frameId": "D312124C87E770792D2ADF0DD60840C9",
   "reason": "initialFrameNavigation",
   "url": "chrome-untrusted://new-tab-page/one-google-bar?paramsencoded="
}
[1750960736.527][DEBUG]: DevTools WebSocket Event: Page.frameStartedNavigating (session_id=5BFE7EDD2BA5DC887547775570CF52B4) 763EA1BE1F530451F755387877E80714 {
   "frameId": "D312124C87E770792D2ADF0DD60840C9",
   "loaderId": "ED3B9FB4608AED115BBE6D95DBA6264E",
   "navigationType": "differentDocument",
   "url": "chrome-untrusted://new-tab-page/one-google-bar?paramsencoded="
}
[1750960736.527][DEBUG]: DevTools WebSocket Event: Page.frameStartedLoading (session_id=5BFE7EDD2BA5DC887547775570CF52B4) 763EA1BE1F530451F755387877E80714 {
   "frameId": "D312124C87E770792D2ADF0DD60840C9"
}
[1750960736.531][DEBUG]: DevTools WebSocket Response: DOM.describeNode (id=14) (session_id=5BFE7EDD2BA5DC887547775570CF52B4) 763EA1BE1F530451F755387877E80714 {
   "node": {
      "backendNodeId": 1,
      "baseURL": "chrome://new-tab-page/",
      "childNodeCount": 2,
      "compatibilityMode": "NoQuirksMode",
      "documentURL": "chrome://new-tab-page/",
      "localName": "",
      "nodeId": 0,
      "nodeName": "#document",
      "nodeType": 9,
      "nodeValue": "",
      "xmlVersion": ""
   }
}
[1750960736.531][DEBUG]: DevTools WebSocket Command: Runtime.releaseObjectGroup (id=15) (session_id=5BFE7EDD2BA5DC887547775570CF52B4) 763EA1BE1F530451F755387877E80714 {
   "objectGroup": "42b6eafb-3fa9-4aa2-9ce6-f1128e0522d7"
}
[1750960736.532][DEBUG]: DevTools WebSocket Command: Runtime.evaluate (id=16) (session_id=5BFE7EDD2BA5DC887547775570CF52B4) 763EA1BE1F530451F755387877E80714 {
   "awaitPromise": false,
   "expression": "document.readyState",
   "returnByValue": true,
   "uniqueContextId": "7955431307360916463.-2146342557354253013"
}
[1750960736.538][DEBUG]: DevTools WebSocket Response: Runtime.releaseObjectGroup (id=15) (session_id=5BFE7EDD2BA5DC887547775570CF52B4) 763EA1BE1F530451F755387877E80714 {
}
[1750960736.539][DEBUG]: DevTools WebSocket Response: Runtime.evaluate (id=16) (session_id=5BFE7EDD2BA5DC887547775570CF52B4) 763EA1BE1F530451F755387877E80714 {
   "result": {
      "type": "string",
      "value": "complete"
   }
}
[1750960736.539][INFO]: Done waiting for pending navigations. Status: ok
[1750960736.539][DEBUG]: DevTools WebSocket Command: Page.navigate (id=17) (session_id=5BFE7EDD2BA5DC887547775570CF52B4) 763EA1BE1F530451F755387877E80714 {
   "url": "https://www.zeptonow.com/cn/masala-dry-fruits-more/masala-dry-fruits-more/cid/0c2ccf87-e32c-4438-9560-8d9488fc73e0/scid/8b44cef2-1bab-407e-aadd-29254e6778fa"
}
[1750960736.542][DEBUG]: DevTools WebSocket Event: Page.frameStartedNavigating (session_id=5BFE7EDD2BA5DC887547775570CF52B4) 763EA1BE1F530451F755387877E80714 {
   "frameId": "763EA1BE1F530451F755387877E80714",
   "loaderId": "7E4940BA94BF260775BABCC4ABDC042E",
   "navigationType": "differentDocument",
   "url": "https://www.zeptonow.com/cn/masala-dry-fruits-more/masala-dry-fruits-more/cid/0c2ccf87-e32c-4438-9560-8d9488fc73e0/scid/8b44cef2-1bab-407e-aadd-29254e6778fa"
}
[1750960736.542][DEBUG]: DevTools WebSocket Event: Page.frameStartedLoading (session_id=5BFE7EDD2BA5DC887547775570CF52B4) 763EA1BE1F530451F755387877E80714 {
   "frameId": "763EA1BE1F530451F755387877E80714"
}
[1750960736.839][DEBUG]: DevTools WebSocket Response: Page.navigate (id=17) (session_id=5BFE7EDD2BA5DC887547775570CF52B4) 763EA1BE1F530451F755387877E80714 {
   "frameId": "763EA1BE1F530451F755387877E80714",
   "loaderId": "7E4940BA94BF260775BABCC4ABDC042E"
}
[1750960736.840][INFO]: Waiting for pending navigations...
[1750960736.840][DEBUG]: DevTools WebSocket Command: Runtime.evaluate (id=18) (session_id=5BFE7EDD2BA5DC887547775570CF52B4) 763EA1BE1F530451F755387877E80714 {
   "expression": "1"
}
[1750960736.847][DEBUG]: DevTools WebSocket Event: Runtime.executionContextsCleared (session_id=5BFE7EDD2BA5DC887547775570CF52B4) 763EA1BE1F530451F755387877E80714 {
}
[1750960736.849][DEBUG]: DevTools WebSocket Event: Runtime.executionContextsCleared (session_id=5BFE7EDD2BA5DC887547775570CF52B4) 763EA1BE1F530451F755387877E80714 {
}
[1750960736.849][DEBUG]: DevTools WebSocket Event: Page.frameNavigated (session_id=5BFE7EDD2BA5DC887547775570CF52B4) 763EA1BE1F530451F755387877E80714 {
   "frame": {
      "adFrameStatus": {
         "adFrameType": "none"
      },
      "crossOriginIsolatedContextType": "NotIsolated",
      "domainAndRegistry": "zeptonow.com",
      "gatedAPIFeatures": [  ],
      "id": "763EA1BE1F530451F755387877E80714",
      "loaderId": "7E4940BA94BF260775BABCC4ABDC042E",
      "mimeType": "text/html",
      "secureContextType": "Secure",
      "securityOrigin": "https://www.zeptonow.com",
      "securityOriginDetails": {
         "isLocalhost": false
      },
      "url": "https://www.zeptonow.com/cn/masala-dry-fruits-more/masala-dry-fruits-more/cid/0c2ccf87-e32c-4438-9560-8d9488fc73e0/scid/8b44cef2-1bab-407e-aadd-29254e6778fa"
   },
   "type": "Navigation"
}
[1750960736.853][DEBUG]: DevTools WebSocket Event: Page.frameStoppedLoading (session_id=5BFE7EDD2BA5DC887547775570CF52B4) 763EA1BE1F530451F755387877E80714 {
   "frameId": "D312124C87E770792D2ADF0DD60840C9"
}
[1750960736.865][DEBUG]: DevTools WebSocket Event: Runtime.executionContextCreated (session_id=5BFE7EDD2BA5DC887547775570CF52B4) 763EA1BE1F530451F755387877E80714 {
   "context": {
      "auxData": {
         "frameId": "763EA1BE1F530451F755387877E80714",
         "isDefault": true,
         "type": "default"
      },
      "id": 1,
      "name": "",
      "origin": "https://www.zeptonow.com",
      "uniqueId": "-3776301329427027461.6488125094421861382"
   }
}
[1750960736.872][DEBUG]: DevTools WebSocket Response: Runtime.evaluate (id=18) (session_id=5BFE7EDD2BA5DC887547775570CF52B4) 763EA1BE1F530451F755387877E80714 {
   "result": {
      "description": "1",
      "type": "number",
      "value": 1
   }
}
[1750960737.072][DEBUG]: DevTools WebSocket Event: Page.frameResized (session_id=5BFE7EDD2BA5DC887547775570CF52B4) 763EA1BE1F530451F755387877E80714 {
}
[1750960737.072][DEBUG]: DevTools WebSocket Command: Runtime.evaluate (id=19) (session_id=5BFE7EDD2BA5DC887547775570CF52B4) 763EA1BE1F530451F755387877E80714 {
   "expression": "1"
}
[1750960737.073][DEBUG]: DevTools WebSocket Response: Runtime.evaluate (id=19) (session_id=5BFE7EDD2BA5DC887547775570CF52B4) 763EA1BE1F530451F755387877E80714 {
   "result": {
      "description": "1",
      "type": "number",
      "value": 1
   }
}
[1750960737.290][DEBUG]: DevTools WebSocket Event: Page.domContentEventFired (session_id=5BFE7EDD2BA5DC887547775570CF52B4) 763EA1BE1F530451F755387877E80714 {
   "timestamp": 4910.712953
}
[1750960737.290][DEBUG]: DevTools WebSocket Command: Runtime.evaluate (id=20) (session_id=5BFE7EDD2BA5DC887547775570CF52B4) 763EA1BE1F530451F755387877E80714 {
   "expression": "1"
}
[1750960737.327][DEBUG]: DevTools WebSocket Response: Runtime.evaluate (id=20) (session_id=5BFE7EDD2BA5DC887547775570CF52B4) 763EA1BE1F530451F755387877E80714 {
   "result": {
      "description": "1",
      "type": "number",
      "value": 1
   }
}
[1750960737.478][DEBUG]: DevTools WebSocket Event: Page.navigatedWithinDocument (session_id=5BFE7EDD2BA5DC887547775570CF52B4) 763EA1BE1F530451F755387877E80714 {
   "frameId": "763EA1BE1F530451F755387877E80714",
   "navigationType": "historyApi",
   "url": "https://www.zeptonow.com/cn/masala-dry-fruits-more/masala-dry-fruits-more/cid/0c2ccf87-e32c-4438-9560-8d9488fc73e0/scid/8b44cef2-1bab-407e-aadd-29254e6778fa"
}
[1750960737.478][DEBUG]: DevTools WebSocket Command: Runtime.evaluate (id=21) (session_id=5BFE7EDD2BA5DC887547775570CF52B4) 763EA1BE1F530451F755387877E80714 {
   "expression": "1"
}
[1750960737.519][DEBUG]: DevTools WebSocket Response: Runtime.evaluate (id=21) (session_id=5BFE7EDD2BA5DC887547775570CF52B4) 763EA1BE1F530451F755387877E80714 {
   "result": {
      "description": "1",
      "type": "number",
      "value": 1
   }
}
[1750960737.768][DEBUG]: DevTools WebSocket Event: Page.frameAttached (session_id=5BFE7EDD2BA5DC887547775570CF52B4) 763EA1BE1F530451F755387877E80714 {
   "frameId": "C090BAA9BAB8263EF12CB3D8A7198CEA",
   "parentFrameId": "763EA1BE1F530451F755387877E80714",
   "stack": {
      "callFrames": [ {
         "columnNumber": 441,
         "functionName": "Ec",
         "lineNumber": 141,
         "scriptId": "40",
         "url": "https://www.googletagmanager.com/gtm.js?id=GTM-T5GF7DB"
      }, {
         "columnNumber": 2,
         "functionName": "k.Op",
         "lineNumber": 545,
         "scriptId": "40",
         "url": "https://www.googletagmanager.com/gtm.js?id=GTM-T5GF7DB"
      }, {
         "columnNumber": 164,
         "functionName": "",
         "lineNumber": 544,
         "scriptId": "40",
         "url": "https://www.googletagmanager.com/gtm.js?id=GTM-T5GF7DB"
      } ]
   }
}
[1750960737.769][DEBUG]: DevTools WebSocket Event: Page.frameRequestedNavigation (session_id=5BFE7EDD2BA5DC887547775570CF52B4) 763EA1BE1F530451F755387877E80714 {
   "disposition": "currentTab",
   "frameId": "C090BAA9BAB8263EF12CB3D8A7198CEA",
   "reason": "initialFrameNavigation",
   "url": "about:blank"
}
[1750960737.769][DEBUG]: DevTools WebSocket Event: Page.frameNavigated (session_id=5BFE7EDD2BA5DC887547775570CF52B4) 763EA1BE1F530451F755387877E80714 {
   "frame": {
      "adFrameStatus": {
         "adFrameType": "none",
         "explanations": [  ]
      },
      "crossOriginIsolatedContextType": "NotIsolated",
      "domainAndRegistry": "",
      "gatedAPIFeatures": [  ],
      "id": "C090BAA9BAB8263EF12CB3D8A7198CEA",
      "loaderId": "1FFB129BC1C590A3283B6F3B153A1203",
      "mimeType": "text/html",
      "name": "",
      "parentId": "763EA1BE1F530451F755387877E80714",
      "secureContextType": "Secure",
      "securityOrigin": "://",
      "securityOriginDetails": {
         "isLocalhost": false
      },
      "url": "about:blank"
   },
   "type": "Navigation"
}
[1750960737.769][DEBUG]: DevTools WebSocket Command: Runtime.evaluate (id=22) (session_id=5BFE7EDD2BA5DC887547775570CF52B4) 763EA1BE1F530451F755387877E80714 {
   "expression": "1"
}
[1750960737.770][DEBUG]: DevTools WebSocket Event: Page.frameStartedLoading (session_id=5BFE7EDD2BA5DC887547775570CF52B4) 763EA1BE1F530451F755387877E80714 {
   "frameId": "C090BAA9BAB8263EF12CB3D8A7198CEA"
}
[1750960737.774][DEBUG]: DevTools WebSocket Event: Runtime.executionContextCreated (session_id=5BFE7EDD2BA5DC887547775570CF52B4) 763EA1BE1F530451F755387877E80714 {
   "context": {
      "auxData": {
         "frameId": "C090BAA9BAB8263EF12CB3D8A7198CEA",
         "isDefault": true,
         "type": "default"
      },
      "id": 2,
      "name": "",
      "origin": "https://www.zeptonow.com",
      "uniqueId": "5784250512381101865.-3590688587091908317"
   }
}
[1750960737.774][DEBUG]: DevTools WebSocket Event: Page.frameStoppedLoading (session_id=5BFE7EDD2BA5DC887547775570CF52B4) 763EA1BE1F530451F755387877E80714 {
   "frameId": "C090BAA9BAB8263EF12CB3D8A7198CEA"
}
[1750960737.775][DEBUG]: DevTools WebSocket Event: Page.frameAttached (session_id=5BFE7EDD2BA5DC887547775570CF52B4) 763EA1BE1F530451F755387877E80714 {
   "frameId": "A52CBE1F01FADB7074ACE4BDAD7F8918",
   "parentFrameId": "C090BAA9BAB8263EF12CB3D8A7198CEA",
   "stack": {
      "callFrames": [ {
         "columnNumber": 322,
         "functionName": "q",
         "lineNumber": 545,
         "scriptId": "40",
         "url": "https://www.googletagmanager.com/gtm.js?id=GTM-T5GF7DB"
      }, {
         "columnNumber": 42,
         "functionName": "k.Op",
         "lineNumber": 546,
         "scriptId": "40",
         "url": "https://www.googletagmanager.com/gtm.js?id=GTM-T5GF7DB"
      }, {
         "columnNumber": 164,
         "functionName": "",
         "lineNumber": 544,
         "scriptId": "40",
         "url": "https://www.googletagmanager.com/gtm.js?id=GTM-T5GF7DB"
      } ]
   }
}
[1750960737.778][DEBUG]: DevTools WebSocket Event: Page.frameRequestedNavigation (session_id=5BFE7EDD2BA5DC887547775570CF52B4) 763EA1BE1F530451F755387877E80714 {
   "disposition": "currentTab",
   "frameId": "A52CBE1F01FADB7074ACE4BDAD7F8918",
   "reason": "initialFrameNavigation",
   "url": "https://www.googletagmanager.com/static/service_worker/56n0/sw_iframe.html?origin=https%3A%2F%2Fwww.zeptonow.com"
}
[1750960737.788][DEBUG]: DevTools WebSocket Event: Page.frameStartedNavigating (session_id=5BFE7EDD2BA5DC887547775570CF52B4) 763EA1BE1F530451F755387877E80714 {
   "frameId": "A52CBE1F01FADB7074ACE4BDAD7F8918",
   "loaderId": "8FD876257F2A4A5169B84BF7DFC236D9",
   "navigationType": "differentDocument",
   "url": "https://www.googletagmanager.com/static/service_worker/56n0/sw_iframe.html?origin=https%3A%2F%2Fwww.zeptonow.com"
}
[1750960737.789][DEBUG]: DevTools WebSocket Event: Page.frameStartedLoading (session_id=5BFE7EDD2BA5DC887547775570CF52B4) 763EA1BE1F530451F755387877E80714 {
   "frameId": "A52CBE1F01FADB7074ACE4BDAD7F8918"
}
[1750960737.798][DEBUG]: DevTools WebSocket Response: Runtime.evaluate (id=22) (session_id=5BFE7EDD2BA5DC887547775570CF52B4) 763EA1BE1F530451F755387877E80714 {
   "result": {
      "description": "1",
      "type": "number",
      "value": 1
   }
}
[1750960737.860][DEBUG]: DevTools WebSocket Event: Target.attachedToTarget (session_id=5BFE7EDD2BA5DC887547775570CF52B4) 763EA1BE1F530451F755387877E80714 {
   "sessionId": "7CB6FB6E6C44AF974F5C90296C6BB281",
   "targetInfo": {
      "attached": true,
      "browserContextId": "E8C43FACD5F2B78C036B21A5C470693F",
      "canAccessOpener": false,
      "targetId": "A52CBE1F01FADB7074ACE4BDAD7F8918",
      "title": "",
      "type": "iframe",
      "url": ""
   },
   "waitingForDebugger": false
}
[1750960737.860][DEBUG]: DevTools WebSocket Command: Page.enable (id=23) (session_id=7CB6FB6E6C44AF974F5C90296C6BB281) 7CB6FB6E6C44AF974F5C90296C6BB281 {
}
[1750960737.861][DEBUG]: DevTools WebSocket Command: Page.addScriptToEvaluateOnNewDocument (id=24) (session_id=7CB6FB6E6C44AF974F5C90296C6BB281) 7CB6FB6E6C44AF974F5C90296C6BB281 {
   "source": "(function () {window.cdc_adoQpoasnfa76pfcZLmcfl_Array = window.Array;window.cdc_adoQpoasnfa76pfcZLmcfl_Object = window.Object;window.cdc_adoQpoasnfa76pfcZLmcfl_Promise = window.Promise;window.cdc_a..."
}
[1750960737.861][DEBUG]: DevTools WebSocket Command: Runtime.evaluate (id=25) (session_id=7CB6FB6E6C44AF974F5C90296C6BB281) 7CB6FB6E6C44AF974F5C90296C6BB281 {
   "expression": "(function () {window.cdc_adoQpoasnfa76pfcZLmcfl_Array = window.Array;window.cdc_adoQpoasnfa76pfcZLmcfl_Object = window.Object;window.cdc_adoQpoasnfa76pfcZLmcfl_Promise = window.Promise;window.cdc_a..."
}
[1750960737.861][DEBUG]: DevTools WebSocket Command: Target.setAutoAttach (id=26) (session_id=7CB6FB6E6C44AF974F5C90296C6BB281) 7CB6FB6E6C44AF974F5C90296C6BB281 {
   "autoAttach": true,
   "flatten": true,
   "waitForDebuggerOnStart": false
}
[1750960737.866][DEBUG]: DevTools WebSocket Event: Target.targetInfoChanged (session_id=5BFE7EDD2BA5DC887547775570CF52B4) 763EA1BE1F530451F755387877E80714 {
   "targetInfo": {
      "attached": true,
      "browserContextId": "E8C43FACD5F2B78C036B21A5C470693F",
      "canAccessOpener": false,
      "targetId": "A52CBE1F01FADB7074ACE4BDAD7F8918",
      "title": "https://www.googletagmanager.com/static/service_worker/56n0/sw_iframe.html?origin=https%3A%2F%2Fwww.zeptonow.com",
      "type": "iframe",
      "url": "https://www.googletagmanager.com/static/service_worker/56n0/sw_iframe.html?origin=https%3A%2F%2Fwww.zeptonow.com"
   }
}
[1750960737.871][DEBUG]: DevTools WebSocket Response: Page.enable (id=23) (session_id=7CB6FB6E6C44AF974F5C90296C6BB281) 7CB6FB6E6C44AF974F5C90296C6BB281 {
}
[1750960737.871][DEBUG]: DevTools WebSocket Response: Page.addScriptToEvaluateOnNewDocument (id=24) (session_id=7CB6FB6E6C44AF974F5C90296C6BB281) 7CB6FB6E6C44AF974F5C90296C6BB281 {
   "identifier": "1"
}
[1750960737.871][DEBUG]: DevTools WebSocket Response: Runtime.evaluate (id=25) (session_id=7CB6FB6E6C44AF974F5C90296C6BB281) 7CB6FB6E6C44AF974F5C90296C6BB281 {
   "result": {
      "type": "undefined"
   }
}
[1750960737.872][DEBUG]: DevTools WebSocket Response: Target.setAutoAttach (id=26) (session_id=7CB6FB6E6C44AF974F5C90296C6BB281) 7CB6FB6E6C44AF974F5C90296C6BB281 {
}
[1750960737.872][DEBUG]: DevTools WebSocket Command: Runtime.enable (id=27) (session_id=7CB6FB6E6C44AF974F5C90296C6BB281) 7CB6FB6E6C44AF974F5C90296C6BB281 {
}
[1750960737.877][DEBUG]: DevTools WebSocket Event: Page.domContentEventFired (session_id=7CB6FB6E6C44AF974F5C90296C6BB281) 7CB6FB6E6C44AF974F5C90296C6BB281 {
   "timestamp": 4911.311066
}
[1750960737.877][DEBUG]: DevTools WebSocket Event: Page.loadEventFired (session_id=7CB6FB6E6C44AF974F5C90296C6BB281) 7CB6FB6E6C44AF974F5C90296C6BB281 {
   "timestamp": 4911.312416
}
[1750960737.877][DEBUG]: DevTools WebSocket Event: Page.frameStoppedLoading (session_id=7CB6FB6E6C44AF974F5C90296C6BB281) 7CB6FB6E6C44AF974F5C90296C6BB281 {
   "frameId": "A52CBE1F01FADB7074ACE4BDAD7F8918"
}
[1750960737.877][DEBUG]: DevTools WebSocket Event: Runtime.executionContextCreated (session_id=7CB6FB6E6C44AF974F5C90296C6BB281) 7CB6FB6E6C44AF974F5C90296C6BB281 {
   "context": {
      "auxData": {
         "frameId": "A52CBE1F01FADB7074ACE4BDAD7F8918",
         "isDefault": true,
         "type": "default"
      },
      "id": 1,
      "name": "",
      "origin": "https://www.googletagmanager.com",
      "uniqueId": "5594043872439488195.8425911299965411769"
   }
}
[1750960737.877][DEBUG]: DevTools WebSocket Response: Runtime.enable (id=27) (session_id=7CB6FB6E6C44AF974F5C90296C6BB281) 7CB6FB6E6C44AF974F5C90296C6BB281 {
}
[1750960737.877][DEBUG]: DevTools WebSocket Command: Runtime.evaluate (id=28) (session_id=5BFE7EDD2BA5DC887547775570CF52B4) 763EA1BE1F530451F755387877E80714 {
   "expression": "1"
}
[1750960737.882][DEBUG]: DevTools WebSocket Event: Target.attachedToTarget (session_id=5BFE7EDD2BA5DC887547775570CF52B4) 763EA1BE1F530451F755387877E80714 {
   "sessionId": "01DCF200A3B3DE27AD10A045E690B414",
   "targetInfo": {
      "attached": true,
      "browserContextId": "E8C43FACD5F2B78C036B21A5C470693F",
      "canAccessOpener": false,
      "targetId": "D0EBDAE4CCE64D79B7E994D38975C7DE",
      "title": "Service Worker https://www.zeptonow.com/sw.js",
      "type": "service_worker",
      "url": "https://www.zeptonow.com/sw.js"
   },
   "waitingForDebugger": false
}
[1750960737.888][DEBUG]: DevTools WebSocket Event: Target.attachedToTarget (session_id=5BFE7EDD2BA5DC887547775570CF52B4) 763EA1BE1F530451F755387877E80714 {
   "sessionId": "078C71B82022B241AA42160DB6C20D22",
   "targetInfo": {
      "attached": true,
      "browserContextId": "E8C43FACD5F2B78C036B21A5C470693F",
      "canAccessOpener": false,
      "targetId": "43DE146BCCE894FB0C5682274655ABAF",
      "title": "Service Worker https://www.googletagmanager.com/static/service_worker/56n0/sw.js?origin=https%3A%2F%2Fwww.zeptonow.com",
      "type": "service_worker",
      "url": "https://www.googletagmanager.com/static/service_worker/56n0/sw.js?origin=https%3A%2F%2Fwww.zeptonow.com"
   },
   "waitingForDebugger": false
}
[1750960737.901][DEBUG]: DevTools WebSocket Event: Page.frameDetached (session_id=5BFE7EDD2BA5DC887547775570CF52B4) 763EA1BE1F530451F755387877E80714 {
   "frameId": "A52CBE1F01FADB7074ACE4BDAD7F8918",
   "reason": "swap"
}
[1750960737.903][DEBUG]: DevTools WebSocket Response: Runtime.evaluate (id=28) (session_id=5BFE7EDD2BA5DC887547775570CF52B4) 763EA1BE1F530451F755387877E80714 {
   "result": {
      "description": "1",
      "type": "number",
      "value": 1
   }
}
[1750960737.903][DEBUG]: DevTools WebSocket Command: Runtime.evaluate (id=29) (session_id=5BFE7EDD2BA5DC887547775570CF52B4) 763EA1BE1F530451F755387877E80714 {
   "expression": "document",
   "objectGroup": "948249e4-0bed-4d48-9d7a-b42be56c3849"
}
[1750960737.916][DEBUG]: DevTools WebSocket Response: Runtime.evaluate (id=29) (session_id=5BFE7EDD2BA5DC887547775570CF52B4) 763EA1BE1F530451F755387877E80714 {
   "result": {
      "className": "HTMLDocument",
      "description": "#document",
      "objectId": "-1793485139066432184.1.1",
      "subtype": "node",
      "type": "object"
   }
}
[1750960737.916][DEBUG]: DevTools WebSocket Command: DOM.describeNode (id=30) (session_id=5BFE7EDD2BA5DC887547775570CF52B4) 763EA1BE1F530451F755387877E80714 {
   "objectId": "-1793485139066432184.1.1"
}
[1750960737.924][DEBUG]: DevTools WebSocket Response: DOM.describeNode (id=30) (session_id=5BFE7EDD2BA5DC887547775570CF52B4) 763EA1BE1F530451F755387877E80714 {
   "node": {
      "backendNodeId": 1,
      "baseURL": "https://www.zeptonow.com/cn/masala-dry-fruits-more/masala-dry-fruits-more/cid/0c2ccf87-e32c-4438-9560-8d9488fc73e0/scid/8b44cef2-1bab-407e-aadd-29254e6778fa",
      "childNodeCount": 2,
      "compatibilityMode": "NoQuirksMode",
      "documentURL": "https://www.zeptonow.com/cn/masala-dry-fruits-more/masala-dry-fruits-more/cid/0c2ccf87-e32c-4438-9560-8d9488fc73e0/scid/8b44cef2-1bab-407e-aadd-29254e6778fa",
      "isScrollable": true,
      "localName": "",
      "nodeId": 0,
      "nodeName": "#document",
      "nodeType": 9,
      "nodeValue": "",
      "xmlVersion": ""
   }
}
[1750960737.924][DEBUG]: DevTools WebSocket Command: Runtime.releaseObjectGroup (id=31) (session_id=5BFE7EDD2BA5DC887547775570CF52B4) 763EA1BE1F530451F755387877E80714 {
   "objectGroup": "948249e4-0bed-4d48-9d7a-b42be56c3849"
}
[1750960737.924][DEBUG]: DevTools WebSocket Command: Runtime.evaluate (id=32) (session_id=5BFE7EDD2BA5DC887547775570CF52B4) 763EA1BE1F530451F755387877E80714 {
   "awaitPromise": false,
   "expression": "document.readyState",
   "returnByValue": true,
   "uniqueContextId": "-3776301329427027461.6488125094421861382"
}
[1750960737.930][DEBUG]: DevTools WebSocket Response: Runtime.releaseObjectGroup (id=31) (session_id=5BFE7EDD2BA5DC887547775570CF52B4) 763EA1BE1F530451F755387877E80714 {
}
[1750960737.930][DEBUG]: DevTools WebSocket Response: Runtime.evaluate (id=32) (session_id=5BFE7EDD2BA5DC887547775570CF52B4) 763EA1BE1F530451F755387877E80714 {
   "result": {
      "type": "string",
      "value": "interactive"
   }
}
[1750960738.436][DEBUG]: DevTools WebSocket Command: Runtime.evaluate (id=33) (session_id=5BFE7EDD2BA5DC887547775570CF52B4) 763EA1BE1F530451F755387877E80714 {
   "expression": "1"
}
[1750960738.519][DEBUG]: DevTools WebSocket Response: Runtime.evaluate (id=33) (session_id=5BFE7EDD2BA5DC887547775570CF52B4) 763EA1BE1F530451F755387877E80714 {
   "result": {
      "description": "1",
      "type": "number",
      "value": 1
   }
}
[1750960738.910][DEBUG]: DevTools WebSocket Event: Page.loadEventFired (session_id=5BFE7EDD2BA5DC887547775570CF52B4) 763EA1BE1F530451F755387877E80714 {
   "timestamp": 4912.342985
}
[1750960738.910][DEBUG]: DevTools WebSocket Command: Runtime.evaluate (id=34) (session_id=5BFE7EDD2BA5DC887547775570CF52B4) 763EA1BE1F530451F755387877E80714 {
   "awaitPromise": false,
   "expression": "document.readyState",
   "returnByValue": true,
   "uniqueContextId": "-3776301329427027461.6488125094421861382"
}
[1750960738.910][DEBUG]: DevTools WebSocket Event: Page.frameStoppedLoading (session_id=5BFE7EDD2BA5DC887547775570CF52B4) 763EA1BE1F530451F755387877E80714 {
   "frameId": "763EA1BE1F530451F755387877E80714"
}
[1750960738.928][DEBUG]: DevTools WebSocket Response: Runtime.evaluate (id=34) (session_id=5BFE7EDD2BA5DC887547775570CF52B4) 763EA1BE1F530451F755387877E80714 {
   "result": {
      "type": "string",
      "value": "complete"
   }
}
[1750960738.928][DEBUG]: DevTools WebSocket Command: Runtime.evaluate (id=35) (session_id=5BFE7EDD2BA5DC887547775570CF52B4) 763EA1BE1F530451F755387877E80714 {
   "expression": "1"
}
[1750960738.934][DEBUG]: DevTools WebSocket Response: Runtime.evaluate (id=35) (session_id=5BFE7EDD2BA5DC887547775570CF52B4) 763EA1BE1F530451F755387877E80714 {
   "result": {
      "description": "1",
      "type": "number",
      "value": 1
   }
}
[1750960738.934][INFO]: Done waiting for pending navigations. Status: ok
[1750960738.934][INFO]: [4ff02f7bfdfe0c49a0e46b91eebcb4c2] RESPONSE Navigate
[1750960738.961][INFO]: [4ff02f7bfdfe0c49a0e46b91eebcb4c2] COMMAND GetUrl {
}
[1750960738.961][INFO]: Waiting for pending navigations...
[1750960738.961][DEBUG]: DevTools WebSocket Command: Runtime.evaluate (id=36) (session_id=5BFE7EDD2BA5DC887547775570CF52B4) 763EA1BE1F530451F755387877E80714 {
   "expression": "1"
}
[1750960738.972][DEBUG]: DevTools WebSocket Response: Runtime.evaluate (id=36) (session_id=5BFE7EDD2BA5DC887547775570CF52B4) 763EA1BE1F530451F755387877E80714 {
   "result": {
      "description": "1",
      "type": "number",
      "value": 1
   }
}
[1750960738.972][INFO]: Done waiting for pending navigations. Status: ok
[1750960738.973][DEBUG]: DevTools WebSocket Command: Page.getFrameTree (id=37) (session_id=5BFE7EDD2BA5DC887547775570CF52B4) 763EA1BE1F530451F755387877E80714 {
}
[1750960738.976][DEBUG]: DevTools WebSocket Response: Page.getFrameTree (id=37) (session_id=5BFE7EDD2BA5DC887547775570CF52B4) 763EA1BE1F530451F755387877E80714 {
   "frameTree": {
      "childFrames": [ {
         "frame": {
            "adFrameStatus": {
               "adFrameType": "none",
               "explanations": [  ]
            },
            "crossOriginIsolatedContextType": "NotIsolated",
            "domainAndRegistry": "",
            "gatedAPIFeatures": [  ],
            "id": "C090BAA9BAB8263EF12CB3D8A7198CEA",
            "loaderId": "1FFB129BC1C590A3283B6F3B153A1203",
            "mimeType": "text/html",
            "name": "",
            "parentId": "763EA1BE1F530451F755387877E80714",
            "secureContextType": "Secure",
            "securityOrigin": "://",
            "securityOriginDetails": {
               "isLocalhost": false
            },
            "url": "about:blank"
         }
      } ],
      "frame": {
         "adFrameStatus": {
            "adFrameType": "none"
         },
         "crossOriginIsolatedContextType": "NotIsolated",
         "domainAndRegistry": "zeptonow.com",
         "gatedAPIFeatures": [  ],
         "id": "763EA1BE1F530451F755387877E80714",
         "loaderId": "7E4940BA94BF260775BABCC4ABDC042E",
         "mimeType": "text/html",
         "secureContextType": "Secure",
         "securityOrigin": "https://www.zeptonow.com",
         "securityOriginDetails": {
            "isLocalhost": false
         },
         "url": "https://www.zeptonow.com/cn/masala-dry-fruits-more/masala-dry-fruits-more/cid/0c2ccf87-e32c-4438-9560-8d9488fc73e0/scid/8b44cef2-1bab-407e-aadd-29254e6778fa"
      }
   }
}
[1750960738.976][DEBUG]: DevTools WebSocket Command: Page.getFrameTree (id=38) (session_id=5BFE7EDD2BA5DC887547775570CF52B4) 763EA1BE1F530451F755387877E80714 {
}
[1750960738.978][DEBUG]: DevTools WebSocket Response: Page.getFrameTree (id=38) (session_id=5BFE7EDD2BA5DC887547775570CF52B4) 763EA1BE1F530451F755387877E80714 {
   "frameTree": {
      "childFrames": [ {
         "frame": {
            "adFrameStatus": {
               "adFrameType": "none",
               "explanations": [  ]
            },
            "crossOriginIsolatedContextType": "NotIsolated",
            "domainAndRegistry": "",
            "gatedAPIFeatures": [  ],
            "id": "C090BAA9BAB8263EF12CB3D8A7198CEA",
            "loaderId": "1FFB129BC1C590A3283B6F3B153A1203",
            "mimeType": "text/html",
            "name": "",
            "parentId": "763EA1BE1F530451F755387877E80714",
            "secureContextType": "Secure",
            "securityOrigin": "://",
            "securityOriginDetails": {
               "isLocalhost": false
            },
            "url": "about:blank"
         }
      } ],
      "frame": {
         "adFrameStatus": {
            "adFrameType": "none"
         },
         "crossOriginIsolatedContextType": "NotIsolated",
         "domainAndRegistry": "zeptonow.com",
         "gatedAPIFeatures": [  ],
         "id": "763EA1BE1F530451F755387877E80714",
         "loaderId": "7E4940BA94BF260775BABCC4ABDC042E",
         "mimeType": "text/html",
         "secureContextType": "Secure",
         "securityOrigin": "https://www.zeptonow.com",
         "securityOriginDetails": {
            "isLocalhost": false
         },
         "url": "https://www.zeptonow.com/cn/masala-dry-fruits-more/masala-dry-fruits-more/cid/0c2ccf87-e32c-4438-9560-8d9488fc73e0/scid/8b44cef2-1bab-407e-aadd-29254e6778fa"
      }
   }
}
[1750960738.979][DEBUG]: DevTools WebSocket Command: Runtime.callFunctionOn (id=39) (session_id=5BFE7EDD2BA5DC887547775570CF52B4) 763EA1BE1F530451F755387877E80714 {
   "arguments": [  ],
   "awaitPromise": true,
   "functionDeclaration": "function(){ return (function() { // Copyright 2012 The Chromium Authors\n// Use of this source code is governed by a BSD-style license that can be\n// found in the LICENSE file.\n\n/**\n * Enum for WebD...",
   "serializationOptions": {
      "serialization": "deep"
   },
   "uniqueContextId": "-3776301329427027461.6488125094421861382"
}
[1750960738.981][DEBUG]: DevTools WebSocket Response: Runtime.callFunctionOn (id=39) (session_id=5BFE7EDD2BA5DC887547775570CF52B4) 763EA1BE1F530451F755387877E80714 {
   "result": {
      "className": "Array",
      "deepSerializedValue": {
         "type": "array",
         "value": [ {
            "type": "string",
            "value": "{\"status\":0,\"value\":\"https://www.zeptonow.com/cn/masala-dry-fruits-more/masala-dry-fruits-more/cid/0c2ccf87-e32c-4438-9560-8d9488fc73e0/scid/8b44cef2-1bab-407e-aadd-29254e6778fa\"}"
         } ]
      },
      "description": "Array(1)",
      "objectId": "-1793485139066432184.1.2",
      "subtype": "array",
      "type": "object"
   }
}
[1750960738.981][INFO]: Waiting for pending navigations...
[1750960738.981][DEBUG]: DevTools WebSocket Command: Runtime.evaluate (id=40) (session_id=5BFE7EDD2BA5DC887547775570CF52B4) 763EA1BE1F530451F755387877E80714 {
   "expression": "1"
}
[1750960738.981][DEBUG]: DevTools WebSocket Response: Runtime.evaluate (id=40) (session_id=5BFE7EDD2BA5DC887547775570CF52B4) 763EA1BE1F530451F755387877E80714 {
   "result": {
      "description": "1",
      "type": "number",
      "value": 1
   }
}
[1750960738.981][INFO]: Done waiting for pending navigations. Status: ok
[1750960738.981][INFO]: [4ff02f7bfdfe0c49a0e46b91eebcb4c2] RESPONSE GetUrl "https://www.zeptonow.com/cn/masala-dry-fruits-more/masala-dry-fruits-more/cid/0c2ccf87-e32c-4438-9560-8d9488fc73e0/scid/8b44cef2-1bab-407e-aadd-29254e6778fa"
[1750960738.982][INFO]: [4ff02f7bfdfe0c49a0e46b91eebcb4c2] COMMAND GetTitle {
}
[1750960738.982][INFO]: Waiting for pending navigations...
[1750960738.982][DEBUG]: DevTools WebSocket Command: Runtime.evaluate (id=41) (session_id=5BFE7EDD2BA5DC887547775570CF52B4) 763EA1BE1F530451F755387877E80714 {
   "expression": "1"
}
[1750960738.983][DEBUG]: DevTools WebSocket Response: Runtime.evaluate (id=41) (session_id=5BFE7EDD2BA5DC887547775570CF52B4) 763EA1BE1F530451F755387877E80714 {
   "result": {
      "description": "1",
      "type": "number",
      "value": 1
   }
}
[1750960738.983][INFO]: Done waiting for pending navigations. Status: ok
[1750960738.983][DEBUG]: DevTools WebSocket Command: Page.getFrameTree (id=42) (session_id=5BFE7EDD2BA5DC887547775570CF52B4) 763EA1BE1F530451F755387877E80714 {
}
[1750960738.983][DEBUG]: DevTools WebSocket Response: Page.getFrameTree (id=42) (session_id=5BFE7EDD2BA5DC887547775570CF52B4) 763EA1BE1F530451F755387877E80714 {
   "frameTree": {
      "childFrames": [ {
         "frame": {
            "adFrameStatus": {
               "adFrameType": "none",
               "explanations": [  ]
            },
            "crossOriginIsolatedContextType": "NotIsolated",
            "domainAndRegistry": "",
            "gatedAPIFeatures": [  ],
            "id": "C090BAA9BAB8263EF12CB3D8A7198CEA",
            "loaderId": "1FFB129BC1C590A3283B6F3B153A1203",
            "mimeType": "text/html",
            "name": "",
            "parentId": "763EA1BE1F530451F755387877E80714",
            "secureContextType": "Secure",
            "securityOrigin": "://",
            "securityOriginDetails": {
               "isLocalhost": false
            },
            "url": "about:blank"
         }
      } ],
      "frame": {
         "adFrameStatus": {
            "adFrameType": "none"
         },
         "crossOriginIsolatedContextType": "NotIsolated",
         "domainAndRegistry": "zeptonow.com",
         "gatedAPIFeatures": [  ],
         "id": "763EA1BE1F530451F755387877E80714",
         "loaderId": "7E4940BA94BF260775BABCC4ABDC042E",
         "mimeType": "text/html",
         "secureContextType": "Secure",
         "securityOrigin": "https://www.zeptonow.com",
         "securityOriginDetails": {
            "isLocalhost": false
         },
         "url": "https://www.zeptonow.com/cn/masala-dry-fruits-more/masala-dry-fruits-more/cid/0c2ccf87-e32c-4438-9560-8d9488fc73e0/scid/8b44cef2-1bab-407e-aadd-29254e6778fa"
      }
   }
}
[1750960738.984][DEBUG]: DevTools WebSocket Command: Page.getFrameTree (id=43) (session_id=5BFE7EDD2BA5DC887547775570CF52B4) 763EA1BE1F530451F755387877E80714 {
}
[1750960738.986][DEBUG]: DevTools WebSocket Response: Page.getFrameTree (id=43) (session_id=5BFE7EDD2BA5DC887547775570CF52B4) 763EA1BE1F530451F755387877E80714 {
   "frameTree": {
      "childFrames": [ {
         "frame": {
            "adFrameStatus": {
               "adFrameType": "none",
               "explanations": [  ]
            },
            "crossOriginIsolatedContextType": "NotIsolated",
            "domainAndRegistry": "",
            "gatedAPIFeatures": [  ],
            "id": "C090BAA9BAB8263EF12CB3D8A7198CEA",
            "loaderId": "1FFB129BC1C590A3283B6F3B153A1203",
            "mimeType": "text/html",
            "name": "",
            "parentId": "763EA1BE1F530451F755387877E80714",
            "secureContextType": "Secure",
            "securityOrigin": "://",
            "securityOriginDetails": {
               "isLocalhost": false
            },
            "url": "about:blank"
         }
      } ],
      "frame": {
         "adFrameStatus": {
            "adFrameType": "none"
         },
         "crossOriginIsolatedContextType": "NotIsolated",
         "domainAndRegistry": "zeptonow.com",
         "gatedAPIFeatures": [  ],
         "id": "763EA1BE1F530451F755387877E80714",
         "loaderId": "7E4940BA94BF260775BABCC4ABDC042E",
         "mimeType": "text/html",
         "secureContextType": "Secure",
         "securityOrigin": "https://www.zeptonow.com",
         "securityOriginDetails": {
            "isLocalhost": false
         },
         "url": "https://www.zeptonow.com/cn/masala-dry-fruits-more/masala-dry-fruits-more/cid/0c2ccf87-e32c-4438-9560-8d9488fc73e0/scid/8b44cef2-1bab-407e-aadd-29254e6778fa"
      }
   }
}
[1750960738.986][DEBUG]: DevTools WebSocket Command: Runtime.callFunctionOn (id=44) (session_id=5BFE7EDD2BA5DC887547775570CF52B4) 763EA1BE1F530451F755387877E80714 {
   "arguments": [  ],
   "awaitPromise": true,
   "functionDeclaration": "function(){ return (function() { // Copyright 2012 The Chromium Authors\n// Use of this source code is governed by a BSD-style license that can be\n// found in the LICENSE file.\n\n/**\n * Enum for WebD...",
   "serializationOptions": {
      "serialization": "deep"
   },
   "uniqueContextId": "-3776301329427027461.6488125094421861382"
}
[1750960738.988][DEBUG]: DevTools WebSocket Response: Runtime.callFunctionOn (id=44) (session_id=5BFE7EDD2BA5DC887547775570CF52B4) 763EA1BE1F530451F755387877E80714 {
   "result": {
      "className": "Array",
      "deepSerializedValue": {
         "type": "array",
         "value": [ {
            "type": "string",
            "value": "{\"status\":0,\"value\":\"Top picks - Buy Masala and Dry Fruits Online at Best Price Near You | Zepto\"}"
         } ]
      },
      "description": "Array(1)",
      "objectId": "-1793485139066432184.1.3",
      "subtype": "array",
      "type": "object"
   }
}
[1750960738.988][INFO]: Waiting for pending navigations...
[1750960738.988][DEBUG]: DevTools WebSocket Command: Runtime.evaluate (id=45) (session_id=5BFE7EDD2BA5DC887547775570CF52B4) 763EA1BE1F530451F755387877E80714 {
   "expression": "1"
}
[1750960738.988][DEBUG]: DevTools WebSocket Response: Runtime.evaluate (id=45) (session_id=5BFE7EDD2BA5DC887547775570CF52B4) 763EA1BE1F530451F755387877E80714 {
   "result": {
      "description": "1",
      "type": "number",
      "value": 1
   }
}
[1750960738.988][INFO]: Done waiting for pending navigations. Status: ok
[1750960738.988][INFO]: [4ff02f7bfdfe0c49a0e46b91eebcb4c2] RESPONSE GetTitle "Top picks - Buy Masala and Dry Fruits Online at Best Price Near You | Zepto"
WARNING: All log messages before absl::InitializeLog() is called are written to STDERR
I0000 00:00:1750960741.610031   18170 voice_transcription.cc:58] Registering VoiceTranscriptionCapability
[18157:18175:0626/232901.930029:ERROR:google_apis/gcm/engine/registration_request.cc:291] Registration response error message: PHONE_REGISTRATION_ERROR
[18157:18175:0626/232901.936719:ERROR:google_apis/gcm/engine/registration_request.cc:291] Registration response error message: PHONE_REGISTRATION_ERROR
[1750960743.995][INFO]: [4ff02f7bfdfe0c49a0e46b91eebcb4c2] COMMAND Quit {
}
[1750960743.995][DEBUG]: DevTools WebSocket Command: Browser.close (id=46) (session_id=) browser {
}
[1750960744.153][INFO]: [4ff02f7bfdfe0c49a0e46b91eebcb4c2] RESPONSE Quit
[1750960744.154][DEBUG]: Log type 'driver' lost 0 entries on destruction
[1750960744.154][DEBUG]: Log type 'browser' lost 0 entries on destruction
